
*** Running vivado
    with args -log lfsr_wrapper.vdi -applog -m64 -product Vivado -messageDb vivado.pb -mode batch -source lfsr_wrapper.tcl -notrace


****** Vivado v2018.3 (64-bit)
  **** SW Build 2405991 on Thu Dec  6 23:38:27 MST 2018
  **** IP Build 2404404 on Fri Dec  7 01:43:56 MST 2018
    ** Copyright 1986-2018 Xilinx, Inc. All Rights Reserved.

source lfsr_wrapper.tcl -notrace
Command: open_checkpoint {C:/Users/franc/Personale/GitHub/LinearFeedbackShiftRegister/LFSR/Vivado Xilinx/LFSR/LFSR.runs/impl_1/lfsr_wrapper.dcp}

Starting open_checkpoint Task

Time (s): cpu = 00:00:00 ; elapsed = 00:00:00.033 . Memory (MB): peak = 247.051 ; gain = 0.000
INFO: [Project 1-479] Netlist was created with Vivado 2018.3
INFO: [Device 21-403] Loading part xc7z010clg400-1
INFO: [Project 1-570] Preparing netlist for logic optimization
INFO: [Timing 38-478] Restoring timing data from binary archive.
INFO: [Timing 38-479] Binary timing data restore complete.
INFO: [Project 1-856] Restoring constraints from binary archive.
INFO: [Project 1-853] Binary constraint restore complete.
Reading XDEF placement.
Reading placer database...
Reading XDEF routing.
Read XDEF File: Time (s): cpu = 00:00:00 ; elapsed = 00:00:00.105 . Memory (MB): peak = 1081.941 ; gain = 0.000
Restored from archive | CPU: 0.000000 secs | Memory: 0.000000 MB |
Finished XDEF File Restore: Time (s): cpu = 00:00:00 ; elapsed = 00:00:00.106 . Memory (MB): peak = 1081.941 ; gain = 0.000
Netlist sorting complete. Time (s): cpu = 00:00:00 ; elapsed = 00:00:00 . Memory (MB): peak = 1081.941 ; gain = 0.000
INFO: [Project 1-111] Unisim Transformation Summary:
No Unisim elements were transformed.

INFO: [Project 1-604] Checkpoint was created with Vivado v2018.3 (64-bit) build 2405991
open_checkpoint: Time (s): cpu = 00:00:16 ; elapsed = 00:00:17 . Memory (MB): peak = 1081.941 ; gain = 834.891
Command: opt_design
Attempting to get a license for feature 'Implementation' and/or device 'xc7z010'
INFO: [Common 17-349] Got license for feature 'Implementation' and/or device 'xc7z010'
Running DRC as a precondition to command opt_design

Starting DRC Task
INFO: [DRC 23-27] Running DRC with 2 threads
INFO: [Project 1-461] DRC finished with 0 Errors
INFO: [Project 1-462] Please refer to the DRC report (report_drc) for more information.

Time (s): cpu = 00:00:01 ; elapsed = 00:00:00.578 . Memory (MB): peak = 1081.941 ; gain = 0.000

Starting Cache Timing Information Task
INFO: [Timing 38-35] Done setting XDC timing constraints.
Ending Cache Timing Information Task | Checksum: 1693d6570

Time (s): cpu = 00:00:00 ; elapsed = 00:00:00.035 . Memory (MB): peak = 1166.750 ; gain = 84.809

Starting Logic Optimization Task

Phase 1 Retarget
INFO: [Opt 31-138] Pushed 0 inverter(s) to 0 load pin(s).
INFO: [Opt 31-49] Retargeted 0 cell(s).
Phase 1 Retarget | Checksum: 1693d6570

Time (s): cpu = 00:00:00 ; elapsed = 00:00:00.085 . Memory (MB): peak = 1250.508 ; gain = 0.000
INFO: [Opt 31-389] Phase Retarget created 0 cells and removed 0 cells

Phase 2 Constant propagation
INFO: [Opt 31-138] Pushed 0 inverter(s) to 0 load pin(s).
Phase 2 Constant propagation | Checksum: 1693d6570

Time (s): cpu = 00:00:00 ; elapsed = 00:00:00.086 . Memory (MB): peak = 1250.508 ; gain = 0.000
INFO: [Opt 31-389] Phase Constant propagation created 0 cells and removed 0 cells

Phase 3 Sweep
Phase 3 Sweep | Checksum: 1693d6570

Time (s): cpu = 00:00:00 ; elapsed = 00:00:00.089 . Memory (MB): peak = 1250.508 ; gain = 0.000
INFO: [Opt 31-389] Phase Sweep created 0 cells and removed 0 cells

Phase 4 BUFG optimization
Phase 4 BUFG optimization | Checksum: 1693d6570

Time (s): cpu = 00:00:00 ; elapsed = 00:00:00.092 . Memory (MB): peak = 1250.508 ; gain = 0.000
INFO: [Opt 31-662] Phase BUFG optimization created 0 cells of which 0 are BUFGs and removed 0 cells.

Phase 5 Shift Register Optimization
Phase 5 Shift Register Optimization | Checksum: 1693d6570

Time (s): cpu = 00:00:00 ; elapsed = 00:00:00.111 . Memory (MB): peak = 1250.508 ; gain = 0.000
INFO: [Opt 31-389] Phase Shift Register Optimization created 0 cells and removed 0 cells

Phase 6 Post Processing Netlist
Phase 6 Post Processing Netlist | Checksum: 1693d6570

Time (s): cpu = 00:00:00 ; elapsed = 00:00:00.113 . Memory (MB): peak = 1250.508 ; gain = 0.000
INFO: [Opt 31-389] Phase Post Processing Netlist created 0 cells and removed 0 cells
Opt_design Change Summary
=========================


-------------------------------------------------------------------------------------------------------------------------
|  Phase                        |  #Cells created  |  #Cells Removed  |  #Constrained objects preventing optimizations  |
-------------------------------------------------------------------------------------------------------------------------
|  Retarget                     |               0  |               0  |                                              0  |
|  Constant propagation         |               0  |               0  |                                              0  |
|  Sweep                        |               0  |               0  |                                              0  |
|  BUFG optimization            |               0  |               0  |                                              0  |
|  Shift Register Optimization  |               0  |               0  |                                              0  |
|  Post Processing Netlist      |               0  |               0  |                                              0  |
-------------------------------------------------------------------------------------------------------------------------



Starting Connectivity Check Task

Time (s): cpu = 00:00:00 ; elapsed = 00:00:00.001 . Memory (MB): peak = 1250.508 ; gain = 0.000
Ending Logic Optimization Task | Checksum: 1693d6570

Time (s): cpu = 00:00:00 ; elapsed = 00:00:00.116 . Memory (MB): peak = 1250.508 ; gain = 0.000

Starting Power Optimization Task
INFO: [Pwropt 34-132] Skipping clock gating for clocks with a period < 2.00 ns.
Ending Power Optimization Task | Checksum: 1693d6570

Time (s): cpu = 00:00:00 ; elapsed = 00:00:00.007 . Memory (MB): peak = 1250.508 ; gain = 0.000

Starting Final Cleanup Task
Ending Final Cleanup Task | Checksum: 1693d6570

Time (s): cpu = 00:00:00 ; elapsed = 00:00:00 . Memory (MB): peak = 1250.508 ; gain = 0.000

Starting Netlist Obfuscation Task
Netlist sorting complete. Time (s): cpu = 00:00:00 ; elapsed = 00:00:00 . Memory (MB): peak = 1250.508 ; gain = 0.000
Ending Netlist Obfuscation Task | Checksum: 1693d6570

Time (s): cpu = 00:00:00 ; elapsed = 00:00:00.001 . Memory (MB): peak = 1250.508 ; gain = 0.000
INFO: [Common 17-83] Releasing license: Implementation
25 Infos, 0 Warnings, 0 Critical Warnings and 0 Errors encountered.
opt_design completed successfully
Netlist sorting complete. Time (s): cpu = 00:00:00 ; elapsed = 00:00:00 . Memory (MB): peak = 1250.508 ; gain = 0.000
INFO: [Timing 38-480] Writing timing data to binary archive.
Writing placer database...
Writing XDEF routing.
Writing XDEF routing logical nets.
Writing XDEF routing special nets.
Write XDEF Complete: Time (s): cpu = 00:00:00 ; elapsed = 00:00:00.073 . Memory (MB): peak = 1250.508 ; gain = 0.000
Netlist sorting complete. Time (s): cpu = 00:00:00 ; elapsed = 00:00:00 . Memory (MB): peak = 1250.508 ; gain = 0.000
INFO: [Common 17-1381] The checkpoint 'C:/Users/franc/Personale/GitHub/LinearFeedbackShiftRegister/LFSR/Vivado Xilinx/LFSR/LFSR.runs/impl_1/lfsr_wrapper_opt.dcp' has been generated.
INFO: [runtcl-4] Executing : report_drc -file lfsr_wrapper_drc_opted.rpt -pb lfsr_wrapper_drc_opted.pb -rpx lfsr_wrapper_drc_opted.rpx
Command: report_drc -file lfsr_wrapper_drc_opted.rpt -pb lfsr_wrapper_drc_opted.pb -rpx lfsr_wrapper_drc_opted.rpx
INFO: [IP_Flow 19-234] Refreshing IP repositories
INFO: [IP_Flow 19-1704] No user IP repositories specified
INFO: [IP_Flow 19-2313] Loaded Vivado IP repository 'C:/Xilinx/Vivado/2018.3/data/ip'.
INFO: [DRC 23-27] Running DRC with 2 threads
INFO: [Coretcl 2-168] The results of DRC are in file C:/Users/franc/Personale/GitHub/LinearFeedbackShiftRegister/LFSR/Vivado Xilinx/LFSR/LFSR.runs/impl_1/lfsr_wrapper_drc_opted.rpt.
report_drc completed successfully
Command: place_design
Attempting to get a license for feature 'Implementation' and/or device 'xc7z010'
INFO: [Common 17-349] Got license for feature 'Implementation' and/or device 'xc7z010'
INFO: [DRC 23-27] Running DRC with 2 threads
INFO: [Vivado_Tcl 4-198] DRC finished with 0 Errors
INFO: [Vivado_Tcl 4-199] Please refer to the DRC report (report_drc) for more information.
Running DRC as a precondition to command place_design
INFO: [DRC 23-27] Running DRC with 2 threads
INFO: [Vivado_Tcl 4-198] DRC finished with 0 Errors
INFO: [Vivado_Tcl 4-199] Please refer to the DRC report (report_drc) for more information.

Starting Placer Task
INFO: [Place 30-611] Multithreading enabled for place_design using a maximum of 2 CPUs

Phase 1 Placer Initialization

Phase 1.1 Placer Initialization Netlist Sorting
Netlist sorting complete. Time (s): cpu = 00:00:00 ; elapsed = 00:00:00 . Memory (MB): peak = 1250.508 ; gain = 0.000
Phase 1.1 Placer Initialization Netlist Sorting | Checksum: 11c319167

Time (s): cpu = 00:00:00 ; elapsed = 00:00:00.004 . Memory (MB): peak = 1250.508 ; gain = 0.000
Netlist sorting complete. Time (s): cpu = 00:00:00 ; elapsed = 00:00:00 . Memory (MB): peak = 1250.508 ; gain = 0.000

Phase 1.2 IO Placement/ Clock Placement/ Build Placer Device
INFO: [Timing 38-35] Done setting XDC timing constraints.
Phase 1.2 IO Placement/ Clock Placement/ Build Placer Device | Checksum: 1b9929281

Time (s): cpu = 00:00:01 ; elapsed = 00:00:00.408 . Memory (MB): peak = 1259.941 ; gain = 9.434

Phase 1.3 Build Placer Netlist Model
Phase 1.3 Build Placer Netlist Model | Checksum: 26cdff5fe

Time (s): cpu = 00:00:01 ; elapsed = 00:00:00.483 . Memory (MB): peak = 1267.586 ; gain = 17.078

Phase 1.4 Constrain Clocks/Macros
Phase 1.4 Constrain Clocks/Macros | Checksum: 26cdff5fe

Time (s): cpu = 00:00:01 ; elapsed = 00:00:00.487 . Memory (MB): peak = 1267.586 ; gain = 17.078
Phase 1 Placer Initialization | Checksum: 26cdff5fe

Time (s): cpu = 00:00:01 ; elapsed = 00:00:00.488 . Memory (MB): peak = 1267.586 ; gain = 17.078

Phase 2 Global Placement

Phase 2.1 Floorplanning
Phase 2.1 Floorplanning | Checksum: 21fdc766b

Time (s): cpu = 00:00:01 ; elapsed = 00:00:00.558 . Memory (MB): peak = 1267.586 ; gain = 17.078

Phase 2.2 Physical Synthesis In Placer
INFO: [Physopt 32-65] No nets found for high-fanout optimization.
INFO: [Physopt 32-232] Optimized 0 net. Created 0 new instance.
INFO: [Physopt 32-775] End 1 Pass. Optimized 0 net or cell. Created 0 new cell, deleted 0 existing cell and moved 0 existing cell
INFO: [Physopt 32-670] No setup violation found.  DSP Register Optimization was not performed.
INFO: [Physopt 32-670] No setup violation found.  Shift Register Optimization was not performed.
INFO: [Physopt 32-670] No setup violation found.  BRAM Register Optimization was not performed.
INFO: [Physopt 32-949] No candidate nets found for HD net replication
INFO: [Physopt 32-775] End 1 Pass. Optimized 0 net or cell. Created 0 new cell, deleted 0 existing cell and moved 0 existing cell
Netlist sorting complete. Time (s): cpu = 00:00:00 ; elapsed = 00:00:00.001 . Memory (MB): peak = 1267.586 ; gain = 0.000

Summary of Physical Synthesis Optimizations
============================================


----------------------------------------------------------------------------------------------------------------------------------------
|  Optimization                  |  Added Cells  |  Removed Cells  |  Optimized Cells/Nets  |  Dont Touch  |  Iterations  |  Elapsed   |
----------------------------------------------------------------------------------------------------------------------------------------
|  Very High Fanout              |            0  |              0  |                     0  |           0  |           1  |  00:00:00  |
|  DSP Register                  |            0  |              0  |                     0  |           0  |           0  |  00:00:00  |
|  Shift Register                |            0  |              0  |                     0  |           0  |           0  |  00:00:00  |
|  BRAM Register                 |            0  |              0  |                     0  |           0  |           0  |  00:00:00  |
|  HD Interface Net Replication  |            0  |              0  |                     0  |           0  |           1  |  00:00:00  |
|  Total                         |            0  |              0  |                     0  |           0  |           2  |  00:00:00  |
----------------------------------------------------------------------------------------------------------------------------------------


Phase 2.2 Physical Synthesis In Placer | Checksum: 2514c60ad

Time (s): cpu = 00:00:01 ; elapsed = 00:00:00.944 . Memory (MB): peak = 1267.586 ; gain = 17.078
Phase 2 Global Placement | Checksum: 26a082b01

Time (s): cpu = 00:00:01 ; elapsed = 00:00:00.984 . Memory (MB): peak = 1267.586 ; gain = 17.078

Phase 3 Detail Placement

Phase 3.1 Commit Multi Column Macros
Phase 3.1 Commit Multi Column Macros | Checksum: 26a082b01

Time (s): cpu = 00:00:01 ; elapsed = 00:00:00.988 . Memory (MB): peak = 1267.586 ; gain = 17.078

Phase 3.2 Commit Most Macros & LUTRAMs
Phase 3.2 Commit Most Macros & LUTRAMs | Checksum: 25ed1e255

Time (s): cpu = 00:00:02 ; elapsed = 00:00:01 . Memory (MB): peak = 1267.586 ; gain = 17.078

Phase 3.3 Area Swap Optimization
Phase 3.3 Area Swap Optimization | Checksum: 258fb04a6

Time (s): cpu = 00:00:02 ; elapsed = 00:00:01 . Memory (MB): peak = 1267.586 ; gain = 17.078

Phase 3.4 Pipeline Register Optimization
Phase 3.4 Pipeline Register Optimization | Checksum: 26e81ac59

Time (s): cpu = 00:00:02 ; elapsed = 00:00:01 . Memory (MB): peak = 1267.586 ; gain = 17.078

Phase 3.5 Small Shape Detail Placement
Phase 3.5 Small Shape Detail Placement | Checksum: 28a6a2472

Time (s): cpu = 00:00:02 ; elapsed = 00:00:01 . Memory (MB): peak = 1267.586 ; gain = 17.078

Phase 3.6 Re-assign LUT pins
Phase 3.6 Re-assign LUT pins | Checksum: 28a6a2472

Time (s): cpu = 00:00:02 ; elapsed = 00:00:01 . Memory (MB): peak = 1267.586 ; gain = 17.078

Phase 3.7 Pipeline Register Optimization
Phase 3.7 Pipeline Register Optimization | Checksum: 289483137

Time (s): cpu = 00:00:02 ; elapsed = 00:00:01 . Memory (MB): peak = 1267.586 ; gain = 17.078
Phase 3 Detail Placement | Checksum: 289483137

Time (s): cpu = 00:00:02 ; elapsed = 00:00:01 . Memory (MB): peak = 1267.586 ; gain = 17.078

Phase 4 Post Placement Optimization and Clean-Up

Phase 4.1 Post Commit Optimization
INFO: [Timing 38-35] Done setting XDC timing constraints.

Phase 4.1.1 Post Placement Optimization
Post Placement Optimization Initialization | Checksum: 234cfb99e

Phase 4.1.1.1 BUFG Insertion
INFO: [Place 46-46] BUFG insertion identified 0 candidate nets, 0 success, 0 bufg driver replicated, 0 skipped for placement/routing, 0 skipped for timing, 0 skipped for netlist change reason
Phase 4.1.1.1 BUFG Insertion | Checksum: 234cfb99e

Time (s): cpu = 00:00:02 ; elapsed = 00:00:01 . Memory (MB): peak = 1267.586 ; gain = 17.078
INFO: [Place 30-746] Post Placement Timing Summary WNS=0.632. For the most accurate timing information please run report_timing.
Phase 4.1.1 Post Placement Optimization | Checksum: 2197ce780

Time (s): cpu = 00:00:02 ; elapsed = 00:00:01 . Memory (MB): peak = 1267.586 ; gain = 17.078
Phase 4.1 Post Commit Optimization | Checksum: 2197ce780

Time (s): cpu = 00:00:02 ; elapsed = 00:00:01 . Memory (MB): peak = 1267.586 ; gain = 17.078

Phase 4.2 Post Placement Cleanup
Phase 4.2 Post Placement Cleanup | Checksum: 2197ce780

Time (s): cpu = 00:00:02 ; elapsed = 00:00:01 . Memory (MB): peak = 1267.586 ; gain = 17.078

Phase 4.3 Placer Reporting
Phase 4.3 Placer Reporting | Checksum: 2197ce780

Time (s): cpu = 00:00:02 ; elapsed = 00:00:01 . Memory (MB): peak = 1267.586 ; gain = 17.078

Phase 4.4 Final Placement Cleanup
Netlist sorting complete. Time (s): cpu = 00:00:00 ; elapsed = 00:00:00.001 . Memory (MB): peak = 1267.586 ; gain = 0.000
Phase 4.4 Final Placement Cleanup | Checksum: 182f5737e

Time (s): cpu = 00:00:02 ; elapsed = 00:00:01 . Memory (MB): peak = 1267.586 ; gain = 17.078
Phase 4 Post Placement Optimization and Clean-Up | Checksum: 182f5737e

Time (s): cpu = 00:00:02 ; elapsed = 00:00:01 . Memory (MB): peak = 1267.586 ; gain = 17.078
Ending Placer Task | Checksum: 8a1366b0

Time (s): cpu = 00:00:02 ; elapsed = 00:00:01 . Memory (MB): peak = 1267.586 ; gain = 17.078
INFO: [Common 17-83] Releasing license: Implementation
54 Infos, 0 Warnings, 0 Critical Warnings and 0 Errors encountered.
place_design completed successfully
Netlist sorting complete. Time (s): cpu = 00:00:00 ; elapsed = 00:00:00 . Memory (MB): peak = 1267.586 ; gain = 0.000
INFO: [Timing 38-480] Writing timing data to binary archive.
Writing placer database...
Writing XDEF routing.
Writing XDEF routing logical nets.
Writing XDEF routing special nets.
Write XDEF Complete: Time (s): cpu = 00:00:00 ; elapsed = 00:00:00.083 . Memory (MB): peak = 1268.238 ; gain = 0.652
Netlist sorting complete. Time (s): cpu = 00:00:00 ; elapsed = 00:00:00 . Memory (MB): peak = 1268.238 ; gain = 0.000
INFO: [Common 17-1381] The checkpoint 'C:/Users/franc/Personale/GitHub/LinearFeedbackShiftRegister/LFSR/Vivado Xilinx/LFSR/LFSR.runs/impl_1/lfsr_wrapper_placed.dcp' has been generated.
INFO: [runtcl-4] Executing : report_io -file lfsr_wrapper_io_placed.rpt
report_io: Time (s): cpu = 00:00:00 ; elapsed = 00:00:00.057 . Memory (MB): peak = 1269.695 ; gain = 0.000
INFO: [runtcl-4] Executing : report_utilization -file lfsr_wrapper_utilization_placed.rpt -pb lfsr_wrapper_utilization_placed.pb
INFO: [runtcl-4] Executing : report_control_sets -verbose -file lfsr_wrapper_control_sets_placed.rpt
report_control_sets: Time (s): cpu = 00:00:00 ; elapsed = 00:00:00.003 . Memory (MB): peak = 1269.695 ; gain = 0.000
Command: route_design
Attempting to get a license for feature 'Implementation' and/or device 'xc7z010'
INFO: [Common 17-349] Got license for feature 'Implementation' and/or device 'xc7z010'
Running DRC as a precondition to command route_design
INFO: [DRC 23-27] Running DRC with 2 threads
INFO: [Vivado_Tcl 4-198] DRC finished with 0 Errors
INFO: [Vivado_Tcl 4-199] Please refer to the DRC report (report_drc) for more information.


Starting Routing Task
INFO: [Route 35-254] Multithreading enabled for route_design using a maximum of 2 CPUs
Checksum: PlaceDB: 29c990d5 ConstDB: 0 ShapeSum: 6049d5db RouteDB: 0

Phase 1 Build RT Design
Phase 1 Build RT Design | Checksum: fb216431

Time (s): cpu = 00:00:14 ; elapsed = 00:00:13 . Memory (MB): peak = 1340.660 ; gain = 70.965
Post Restoration Checksum: NetGraph: 22e374d9 NumContArr: d83def58 Constraints: 0 Timing: 0

Phase 2 Router Initialization

Phase 2.1 Create Timer
Phase 2.1 Create Timer | Checksum: fb216431

Time (s): cpu = 00:00:14 ; elapsed = 00:00:13 . Memory (MB): peak = 1370.926 ; gain = 101.230

Phase 2.2 Fix Topology Constraints
Phase 2.2 Fix Topology Constraints | Checksum: fb216431

Time (s): cpu = 00:00:14 ; elapsed = 00:00:13 . Memory (MB): peak = 1376.953 ; gain = 107.258

Phase 2.3 Pre Route Cleanup
Phase 2.3 Pre Route Cleanup | Checksum: fb216431

Time (s): cpu = 00:00:14 ; elapsed = 00:00:13 . Memory (MB): peak = 1376.953 ; gain = 107.258
 Number of Nodes with overlaps = 0

Phase 2.4 Update Timing
Phase 2.4 Update Timing | Checksum: 22c027651

Time (s): cpu = 00:00:14 ; elapsed = 00:00:13 . Memory (MB): peak = 1379.758 ; gain = 110.063
INFO: [Route 35-416] Intermediate Timing Summary | WNS=0.528  | TNS=0.000  | WHS=-0.133 | THS=-0.657 |

Phase 2 Router Initialization | Checksum: 288607326

Time (s): cpu = 00:00:14 ; elapsed = 00:00:13 . Memory (MB): peak = 1379.758 ; gain = 110.063

Phase 3 Initial Routing
Phase 3 Initial Routing | Checksum: a850d2d4

Time (s): cpu = 00:00:15 ; elapsed = 00:00:13 . Memory (MB): peak = 1380.590 ; gain = 110.895

Phase 4 Rip-up And Reroute

Phase 4.1 Global Iteration 0
 Number of Nodes with overlaps = 0
INFO: [Route 35-416] Intermediate Timing Summary | WNS=0.643  | TNS=0.000  | WHS=N/A    | THS=N/A    |

Phase 4.1 Global Iteration 0 | Checksum: 12f535145

Time (s): cpu = 00:00:15 ; elapsed = 00:00:13 . Memory (MB): peak = 1380.590 ; gain = 110.895
Phase 4 Rip-up And Reroute | Checksum: 12f535145

Time (s): cpu = 00:00:15 ; elapsed = 00:00:13 . Memory (MB): peak = 1380.590 ; gain = 110.895

Phase 5 Delay and Skew Optimization

Phase 5.1 Delay CleanUp
Phase 5.1 Delay CleanUp | Checksum: 12f535145

Time (s): cpu = 00:00:15 ; elapsed = 00:00:13 . Memory (MB): peak = 1380.590 ; gain = 110.895

Phase 5.2 Clock Skew Optimization
Phase 5.2 Clock Skew Optimization | Checksum: 12f535145

Time (s): cpu = 00:00:15 ; elapsed = 00:00:13 . Memory (MB): peak = 1380.590 ; gain = 110.895
Phase 5 Delay and Skew Optimization | Checksum: 12f535145

Time (s): cpu = 00:00:15 ; elapsed = 00:00:13 . Memory (MB): peak = 1380.590 ; gain = 110.895

Phase 6 Post Hold Fix

Phase 6.1 Hold Fix Iter

Phase 6.1.1 Update Timing
Phase 6.1.1 Update Timing | Checksum: 1c754042c

Time (s): cpu = 00:00:15 ; elapsed = 00:00:13 . Memory (MB): peak = 1380.590 ; gain = 110.895
INFO: [Route 35-416] Intermediate Timing Summary | WNS=0.758  | TNS=0.000  | WHS=0.105  | THS=0.000  |

Phase 6.1 Hold Fix Iter | Checksum: 1c754042c

Time (s): cpu = 00:00:15 ; elapsed = 00:00:13 . Memory (MB): peak = 1380.590 ; gain = 110.895
Phase 6 Post Hold Fix | Checksum: 1c754042c

Time (s): cpu = 00:00:15 ; elapsed = 00:00:13 . Memory (MB): peak = 1380.590 ; gain = 110.895

Phase 7 Route finalize

Router Utilization Summary
  Global Vertical Routing Utilization    = 0.0610923 %
  Global Horizontal Routing Utilization  = 0.0119485 %
  Routable Net Status*
  *Does not include unroutable nets such as driverless and loadless.
  Run report_route_status for detailed report.
  Number of Failed Nets               = 0
  Number of Unrouted Nets             = 0
  Number of Partially Routed Nets     = 0
  Number of Node Overlaps             = 0

Phase 7 Route finalize | Checksum: 2021f5421

Time (s): cpu = 00:00:15 ; elapsed = 00:00:13 . Memory (MB): peak = 1380.590 ; gain = 110.895

Phase 8 Verifying routed nets

 Verification completed successfully
Phase 8 Verifying routed nets | Checksum: 2021f5421

Time (s): cpu = 00:00:15 ; elapsed = 00:00:13 . Memory (MB): peak = 1382.598 ; gain = 112.902

Phase 9 Depositing Routes
Phase 9 Depositing Routes | Checksum: 21160f0fc

Time (s): cpu = 00:00:15 ; elapsed = 00:00:13 . Memory (MB): peak = 1382.598 ; gain = 112.902

Phase 10 Post Router Timing
INFO: [Route 35-57] Estimated Timing Summary | WNS=0.758  | TNS=0.000  | WHS=0.105  | THS=0.000  |

INFO: [Route 35-327] The final timing numbers are based on the router estimated timing analysis. For a complete and accurate timing signoff, please run report_timing_summary.
Phase 10 Post Router Timing | Checksum: 21160f0fc

Time (s): cpu = 00:00:15 ; elapsed = 00:00:13 . Memory (MB): peak = 1382.598 ; gain = 112.902
INFO: [Route 35-16] Router Completed Successfully

Time (s): cpu = 00:00:15 ; elapsed = 00:00:13 . Memory (MB): peak = 1382.598 ; gain = 112.902

Routing Is Done.
INFO: [Common 17-83] Releasing license: Implementation
71 Infos, 0 Warnings, 0 Critical Warnings and 0 Errors encountered.
route_design completed successfully
route_design: Time (s): cpu = 00:00:17 ; elapsed = 00:00:14 . Memory (MB): peak = 1382.598 ; gain = 112.902
Netlist sorting complete. Time (s): cpu = 00:00:00 ; elapsed = 00:00:00.001 . Memory (MB): peak = 1382.598 ; gain = 0.000
INFO: [Timing 38-480] Writing timing data to binary archive.
Writing placer database...
Writing XDEF routing.
Writing XDEF routing logical nets.
Writing XDEF routing special nets.
Write XDEF Complete: Time (s): cpu = 00:00:00 ; elapsed = 00:00:00.067 . Memory (MB): peak = 1382.598 ; gain = 0.000
Netlist sorting complete. Time (s): cpu = 00:00:00 ; elapsed = 00:00:00 . Memory (MB): peak = 1382.813 ; gain = 0.000
INFO: [Common 17-1381] The checkpoint 'C:/Users/franc/Personale/GitHub/LinearFeedbackShiftRegister/LFSR/Vivado Xilinx/LFSR/LFSR.runs/impl_1/lfsr_wrapper_routed.dcp' has been generated.
INFO: [runtcl-4] Executing : report_drc -file lfsr_wrapper_drc_routed.rpt -pb lfsr_wrapper_drc_routed.pb -rpx lfsr_wrapper_drc_routed.rpx
Command: report_drc -file lfsr_wrapper_drc_routed.rpt -pb lfsr_wrapper_drc_routed.pb -rpx lfsr_wrapper_drc_routed.rpx
INFO: [IP_Flow 19-1839] IP Catalog is up to date.
INFO: [DRC 23-27] Running DRC with 2 threads
INFO: [Coretcl 2-168] The results of DRC are in file C:/Users/franc/Personale/GitHub/LinearFeedbackShiftRegister/LFSR/Vivado Xilinx/LFSR/LFSR.runs/impl_1/lfsr_wrapper_drc_routed.rpt.
report_drc completed successfully
INFO: [runtcl-4] Executing : report_methodology -file lfsr_wrapper_methodology_drc_routed.rpt -pb lfsr_wrapper_methodology_drc_routed.pb -rpx lfsr_wrapper_methodology_drc_routed.rpx
Command: report_methodology -file lfsr_wrapper_methodology_drc_routed.rpt -pb lfsr_wrapper_methodology_drc_routed.pb -rpx lfsr_wrapper_methodology_drc_routed.rpx
INFO: [Timing 38-35] Done setting XDC timing constraints.
INFO: [DRC 23-133] Running Methodology with 2 threads
INFO: [Coretcl 2-1520] The results of Report Methodology are in file C:/Users/franc/Personale/GitHub/LinearFeedbackShiftRegister/LFSR/Vivado Xilinx/LFSR/LFSR.runs/impl_1/lfsr_wrapper_methodology_drc_routed.rpt.
report_methodology completed successfully
INFO: [runtcl-4] Executing : report_power -file lfsr_wrapper_power_routed.rpt -pb lfsr_wrapper_power_summary_routed.pb -rpx lfsr_wrapper_power_routed.rpx
Command: report_power -file lfsr_wrapper_power_routed.rpt -pb lfsr_wrapper_power_summary_routed.pb -rpx lfsr_wrapper_power_routed.rpx
INFO: [Timing 38-35] Done setting XDC timing constraints.
Running Vector-less Activity Propagation...

Finished Running Vector-less Activity Propagation
83 Infos, 0 Warnings, 0 Critical Warnings and 0 Errors encountered.
report_power completed successfully
INFO: [runtcl-4] Executing : report_route_status -file lfsr_wrapper_route_status.rpt -pb lfsr_wrapper_route_status.pb
INFO: [runtcl-4] Executing : report_timing_summary -max_paths 10 -file lfsr_wrapper_timing_summary_routed.rpt -pb lfsr_wrapper_timing_summary_routed.pb -rpx lfsr_wrapper_timing_summary_routed.rpx -warn_on_violation 
INFO: [Timing 38-91] UpdateTimingParams: Speed grade: -1, Delay Type: min_max.
INFO: [Timing 38-191] Multithreading enabled for timing update using a maximum of 2 CPUs
INFO: [runtcl-4] Executing : report_incremental_reuse -file lfsr_wrapper_incremental_reuse_routed.rpt
INFO: [Vivado_Tcl 4-1062] Incremental flow is disabled. No incremental reuse Info to report.
INFO: [runtcl-4] Executing : report_clock_utilization -file lfsr_wrapper_clock_utilization_routed.rpt
INFO: [runtcl-4] Executing : report_bus_skew -warn_on_violation -file lfsr_wrapper_bus_skew_routed.rpt -pb lfsr_wrapper_bus_skew_routed.pb -rpx lfsr_wrapper_bus_skew_routed.rpx
INFO: [Timing 38-91] UpdateTimingParams: Speed grade: -1, Delay Type: min_max.
INFO: [Timing 38-191] Multithreading enabled for timing update using a maximum of 2 CPUs
INFO: [Common 17-206] Exiting Vivado at Sat Dec 19 11:16:08 2020...
